<?xml version="1.0" encoding="UTF-8"?>
<!-- Generated by org.testng.reporters.JUnitXMLReporter -->
<testsuite ignored="0" hostname="LAPTOP-EH437ICE" failures="0" tests="3" name="Default test" time="3.822" errors="0" timestamp="2023-04-28T14:48:00 IST">
  <testcase classname="LoginModuleTest.sauceDemoLoginTest" name="loginApp" time="0.238"/>
  <testcase classname="LoginModuleTest.sauceDemoLoginTest" name="searchFilterVerify" time="0.296"/>
  <testcase classname="LoginModuleTest.sauceDemoLoginTest" name="verifyTitle" time="0.507"/>
</testsuite> <!-- Default test -->
