<?xml version="1.0" encoding="UTF-8"?>
<testng-results ignored="0" total="3" passed="3" failed="0" skipped="0">
  <reporter-output>
  </reporter-output>
  <suite started-at="2023-04-28T14:47:56 IST" name="Default suite" finished-at="2023-04-28T14:48:00 IST" duration-ms="3822">
    <groups>
    </groups>
    <test started-at="2023-04-28T14:47:56 IST" name="Default test" finished-at="2023-04-28T14:48:00 IST" duration-ms="3822">
      <class name="LoginModuleTest.sauceDemoLoginTest">
        <test-method is-config="true" signature="openBrowser()[pri:0, instance:LoginModuleTest.sauceDemoLoginTest@60099951]" started-at="2023-04-28T14:47:56 IST" name="openBrowser" finished-at="2023-04-28T14:47:59 IST" duration-ms="2741" status="PASS">
          <reporter-output>
          </reporter-output>
        </test-method> <!-- openBrowser -->
        <test-method signature="loginApp()[pri:0, instance:LoginModuleTest.sauceDemoLoginTest@60099951]" started-at="2023-04-28T14:47:59 IST" name="loginApp" finished-at="2023-04-28T14:47:59 IST" duration-ms="238" status="PASS">
          <reporter-output>
          </reporter-output>
        </test-method> <!-- loginApp -->
        <test-method signature="searchFilterVerify()[pri:0, instance:LoginModuleTest.sauceDemoLoginTest@60099951]" started-at="2023-04-28T14:47:59 IST" name="searchFilterVerify" finished-at="2023-04-28T14:48:00 IST" duration-ms="296" status="PASS">
          <reporter-output>
          </reporter-output>
        </test-method> <!-- searchFilterVerify -->
        <test-method signature="verifyTitle()[pri:0, instance:LoginModuleTest.sauceDemoLoginTest@60099951]" started-at="2023-04-28T14:48:00 IST" name="verifyTitle" finished-at="2023-04-28T14:48:00 IST" duration-ms="507" status="PASS">
          <reporter-output>
          </reporter-output>
        </test-method> <!-- verifyTitle -->
      </class> <!-- LoginModuleTest.sauceDemoLoginTest -->
    </test> <!-- Default test -->
  </suite> <!-- Default suite -->
</testng-results>
